Flutter crash report.
Please report a bug at https://github.com/flutter/flutter/issues.

## command

flutter run --machine --start-paused -d chrome --devtools-server-address http://127.0.0.1:9100/ --target C:\Flutter1\IITK-Mail-Client-Official-\lib\main.dart

## exception

OutOfMemoryError: Out of Memory

```
#0      new Uint8List (dart:typed_data-patch/typed_data_patch.dart:2236:3)
#1      _File.readAsBytesSync (dart:io/file_impl.dart:589:16)
#2      ForwardingFile.readAsBytesSync (package:file/src/forwarding/forwarding_file.dart:91:43)
#3      ForwardingFile.readAsBytesSync (package:file/src/forwarding/forwarding_file.dart:91:43)
#4      WebMemoryFS.write (package:flutter_tools/src/web/memory_fs.dart:34:42)
#5      WebDevFS.update (package:flutter_tools/src/isolated/devfs_web.dart:931:45)
#6      _rootRunUnary (dart:async/zone.dart:1407:47)
#7      _CustomZone.runUnary (dart:async/zone.dart:1308:19)
#8      _FutureListener.handleValue (dart:async/future_impl.dart:162:18)
#9      Future._propagateToListeners.handleValueCallback (dart:async/future_impl.dart:838:45)
#10     Future._propagateToListeners (dart:async/future_impl.dart:867:13)
#11     Future._completeWithValue (dart:async/future_impl.dart:643:5)
#12     Future._asyncCompleteWithValue.<anonymous closure> (dart:async/future_impl.dart:713:7)
#13     _rootRun (dart:async/zone.dart:1399:13)
#14     _CustomZone.run (dart:async/zone.dart:1301:19)
#15     _CustomZone.runGuarded (dart:async/zone.dart:1209:7)
#16     _CustomZone.bindCallbackGuarded.<anonymous closure> (dart:async/zone.dart:1249:23)
#17     _microtaskLoop (dart:async/schedule_microtask.dart:40:21)
#18     _startMicrotaskLoop (dart:async/schedule_microtask.dart:49:5)
#19     _runPendingImmediateCallback (dart:isolate-patch/isolate_patch.dart:118:13)
#20     _RawReceivePort._handleMessage (dart:isolate-patch/isolate_patch.dart:185:5)
```

## flutter doctor

```
[✓] Flutter (Channel stable, 3.19.6, on Microsoft Windows [Version 10.0.22631.3593], locale en-US)
    • Flutter version 3.19.6 on channel stable at C:\Users\adity\flutter
    • Upstream repository https://github.com/flutter/flutter.git
    • Framework revision 54e66469a9 (8 weeks ago), 2024-04-17 13:08:03 -0700
    • Engine revision c4cd48e186
    • Dart version 3.3.4
    • DevTools version 2.31.1

[✓] Windows Version (Installed version of Windows is version 10 or higher)

[!] Android toolchain - develop for Android devices (Android SDK version 34.0.0)
    • Android SDK at C:\Users\adity\AppData\Local\Android\sdk
    • Platform android-34, build-tools 34.0.0
    • Java binary at: C:\Program Files\Android\Android Studio\jbr\bin\java
    ✗ Could not determine java version

[✓] Chrome - develop for the web
    • Chrome at C:\Program Files\Google\Chrome\Application\chrome.exe

[✓] Visual Studio - develop Windows apps (Visual Studio Community 2022 17.9.6)
    • Visual Studio at C:\Program Files\Microsoft Visual Studio\2022\Community
    • Visual Studio Community 2022 version 17.9.34728.123
    • Windows 10 SDK version 10.0.22621.0

[!] Android Studio (version 2023.3)
    • Android Studio at C:\Program Files\Android\Android Studio
    • Flutter plugin can be installed from:
      🔨 https://plugins.jetbrains.com/plugin/9212-flutter
    • Dart plugin can be installed from:
      🔨 https://plugins.jetbrains.com/plugin/6351-dart
    ✗ Unable to determine bundled Java version.
    • Try updating or re-installing Android Studio.

[✓] VS Code (version 1.90.0)
    • VS Code at C:\Users\adity\AppData\Local\Programs\Microsoft VS Code
    • Flutter extension version 3.90.0

[✓] Connected device (4 available)
    • sdk gphone64 x86 64 (mobile) • emulator-5554 • android-x64    • Android 14 (API 34) (emulator)
    • Windows (desktop)            • windows       • windows-x64    • Microsoft Windows [Version 10.0.22631.3593]
    • Chrome (web)                 • chrome        • web-javascript • Google Chrome 125.0.6422.142
    • Edge (web)                   • edge          • web-javascript • Microsoft Edge 125.0.2535.92

[✓] Network resources
    • All expected network resources are available.

! Doctor found issues in 2 categories.
```
