#
# There is insufficient memory for the Java Runtime Environment to continue.
# Native memory allocation (mmap) failed to map 264241152 bytes for G1 virtual space
# Possible reasons:
#   The system is out of physical RAM or swap space
#   The process is running with CompressedOops enabled, and the Java Heap may be blocking the growth of the native heap
# Possible solutions:
#   Reduce memory load on the system
#   Increase physical memory or swap space
#   Check if swap backing store is full
#   Decrease Java heap size (-Xmx/-Xms)
#   Decrease number of Java threads
#   Decrease Java thread stack sizes (-Xss)
#   Set larger code cache with -XX:ReservedCodeCacheSize=
#   JVM is running with Zero Based Compressed Oops mode in which the Java heap is
#     placed in the first 32GB address space. The Java Heap base address is the
#     maximum limit for the native heap growth. Please use -XX:HeapBaseMinAddress
#     to set the Java Heap base and to place the Java Heap above 32GB virtual address.
# This output file may be truncated or incomplete.
#
#  Out of Memory Error (os_windows.cpp:3825), pid=19768, tid=9072
#
# JRE version:  (17.0.10) (build )
# Java VM: OpenJDK 64-Bit Server VM (17.0.10+0--11572160, mixed mode, sharing, tiered, compressed oops, compressed class ptrs, g1 gc, windows-amd64)
# No core dump will be written. Minidumps are not enabled by default on client versions of Windows
#

---------------  S U M M A R Y ------------

Command Line: 

Host: 12th Gen Intel(R) Core(TM) i7-12650H, 16 cores, 15G,  Windows 11 , 64 bit Build 22621 (10.0.22621.3527)
Time: Thu Jun 13 19:40:18 2024 India Standard Time elapsed time: 0.007183 seconds (0d 0h 0m 0s)

---------------  T H R E A D  ---------------

Current thread (0x0000023667b2c080):  JavaThread "Unknown thread" [_thread_in_vm, id=9072, stack(0x00000072aef00000,0x00000072af000000)]

Stack: [0x00000072aef00000,0x00000072af000000]
Native frames: (J=compiled Java code, j=interpreted, Vv=VM code, C=native code)
V  [jvm.dll+0x688e89]
V  [jvm.dll+0x84247a]
V  [jvm.dll+0x8440be]
V  [jvm.dll+0x844723]
V  [jvm.dll+0x24be0f]
V  [jvm.dll+0x685c59]
V  [jvm.dll+0x67a50a]
V  [jvm.dll+0x30cbab]
V  [jvm.dll+0x314056]
V  [jvm.dll+0x363dce]
V  [jvm.dll+0x363fff]
V  [jvm.dll+0x2e2978]
V  [jvm.dll+0x2e38e4]
V  [jvm.dll+0x813011]
V  [jvm.dll+0x371c81]
V  [jvm.dll+0x7f1b66]
V  [jvm.dll+0x3f58df]
V  [jvm.dll+0x3f7511]
C  [jli.dll+0x528f]
C  [ucrtbase.dll+0x29333]
C  [KERNEL32.DLL+0x1257d]
C  [ntdll.dll+0x5aa48]


---------------  P R O C E S S  ---------------

Threads class SMR info:
_java_thread_list=0x00007ffc1c26ef58, length=0, elements={
}

Java Threads: ( => current thread )

Other Threads:
  0x0000023667b96b80 GCTaskThread "GC Thread#0" [stack: 0x00000072af000000,0x00000072af100000] [id=4156]
  0x0000023667ba75a0 ConcurrentGCThread "G1 Main Marker" [stack: 0x00000072af100000,0x00000072af200000] [id=11336]
  0x0000023667ba7fd0 ConcurrentGCThread "G1 Conc#0" [stack: 0x00000072af200000,0x00000072af300000] [id=16076]

[error occurred during error reporting (printing all threads), id 0xc0000005, EXCEPTION_ACCESS_VIOLATION (0xc0000005) at pc=0x00007ffc1ba23547]

VM state: not at safepoint (not fully initialized)

VM Mutex/Monitor currently owned by a thread:  ([mutex/lock_event])
[0x0000023667b27c40] Heap_lock - owner thread: 0x0000023667b2c080

Heap address: 0x0000000705200000, size: 4014 MB, Compressed Oops mode: Zero based, Oop shift amount: 3

CDS archive(s) mapped at: [0x0000000000000000-0x0000000000000000-0x0000000000000000), size 0, SharedBaseAddress: 0x0000000800000000, ArchiveRelocationMode: 1.
Narrow klass base: 0x0000000000000000, Narrow klass shift: 0, Narrow klass range: 0x0

GC Precious Log:
<Empty>

Heap:
 garbage-first heap   total 0K, used 0K [0x0000000705200000, 0x0000000800000000)
  region size 2048K, 0 young (0K), 0 survivors (0K)
 Metaspace       used 0K, committed 0K, reserved 0K
  class space    used 0K, committed 0K, reserved 0K

Heap Regions: E=young(eden), S=young(survivor), O=old, HS=humongous(starts), HC=humongous(continues), CS=collection set, F=free, OA=open archive, CA=closed archive, TAMS=top-at-mark-start (previous, next)

Card table byte_map: [0x000002367b060000,0x000002367b840000] _byte_map_base: 0x0000023677837000

Marking Bits (Prev, Next): (CMBitMap*) 0x0000023667b971a0, (CMBitMap*) 0x0000023667b971e0
 Prev Bits: [0x000002367c020000, 0x000002367fed8000)
 Next Bits: [0x0000023600000000, 0x0000023603eb8000)

GC Heap History (0 events):
No events

Dll operation events (1 events):
Event: 0.004 Loaded shared library C:\Program Files\Android\Android Studio\jbr\bin\java.dll

Deoptimization events (0 events):
No events

Classes unloaded (0 events):
No events

Classes redefined (0 events):
No events

Internal exceptions (0 events):
No events

VM Operations (0 events):
No events

Events (0 events):
No events


Dynamic libraries:
0x00007ff72fd80000 - 0x00007ff72fd8a000 	C:\Program Files\Android\Android Studio\jbr\bin\java.EXE
0x00007ffcc1f10000 - 0x00007ffcc2127000 	C:\windows\SYSTEM32\ntdll.dll
0x00007ffcc09b0000 - 0x00007ffcc0a74000 	C:\windows\System32\KERNEL32.DLL
0x00007ffcbf5e0000 - 0x00007ffcbf987000 	C:\windows\System32\KERNELBASE.dll
0x00007ffcbf230000 - 0x00007ffcbf341000 	C:\windows\System32\ucrtbase.dll
0x00007ffc9fc20000 - 0x00007ffc9fc3b000 	C:\Program Files\Android\Android Studio\jbr\bin\VCRUNTIME140.dll
0x00007ffc9fe90000 - 0x00007ffc9fea7000 	C:\Program Files\Android\Android Studio\jbr\bin\jli.dll
0x00007ffcc1000000 - 0x00007ffcc11ae000 	C:\windows\System32\USER32.dll
0x00007ffcbf990000 - 0x00007ffcbf9b6000 	C:\windows\System32\win32u.dll
0x00007ffca0550000 - 0x00007ffca07e3000 	C:\windows\WinSxS\amd64_microsoft.windows.common-controls_6595b64144ccf1df_6.0.22621.3527_none_270e469b73872a76\COMCTL32.dll
0x00007ffcc02a0000 - 0x00007ffcc02c9000 	C:\windows\System32\GDI32.dll
0x00007ffcc07e0000 - 0x00007ffcc0887000 	C:\windows\System32\msvcrt.dll
0x00007ffcbfa80000 - 0x00007ffcbfb99000 	C:\windows\System32\gdi32full.dll
0x00007ffcbf540000 - 0x00007ffcbf5da000 	C:\windows\System32\msvcp_win.dll
0x00007ffcc0090000 - 0x00007ffcc00c1000 	C:\windows\System32\IMM32.DLL
0x00007ffc9fec0000 - 0x00007ffc9fecc000 	C:\Program Files\Android\Android Studio\jbr\bin\vcruntime140_1.dll
0x00007ffc697e0000 - 0x00007ffc6986d000 	C:\Program Files\Android\Android Studio\jbr\bin\msvcp140.dll
0x00007ffc1b730000 - 0x00007ffc1c3b3000 	C:\Program Files\Android\Android Studio\jbr\bin\server\jvm.dll
0x00007ffcbfc40000 - 0x00007ffcbfcf2000 	C:\windows\System32\ADVAPI32.dll
0x00007ffcc00d0000 - 0x00007ffcc0178000 	C:\windows\System32\sechost.dll
0x00007ffcbfc10000 - 0x00007ffcbfc38000 	C:\windows\System32\bcrypt.dll
0x00007ffcc0180000 - 0x00007ffcc0295000 	C:\windows\System32\RPCRT4.dll
0x00007ffcb5690000 - 0x00007ffcb56c4000 	C:\windows\SYSTEM32\WINMM.dll
0x00007ffcbe0b0000 - 0x00007ffcbe0fd000 	C:\windows\SYSTEM32\POWRPROF.dll
0x00007ffc5bbd0000 - 0x00007ffc5bbd9000 	C:\windows\SYSTEM32\WSOCK32.dll
0x00007ffcb5050000 - 0x00007ffcb505a000 	C:\windows\SYSTEM32\VERSION.dll
0x00007ffcc0490000 - 0x00007ffcc0501000 	C:\windows\System32\WS2_32.dll
0x00007ffcbe090000 - 0x00007ffcbe0a3000 	C:\windows\SYSTEM32\UMPDC.dll
0x00007ffcbe340000 - 0x00007ffcbe358000 	C:\windows\SYSTEM32\kernel.appcore.dll
0x00007ffc9fe80000 - 0x00007ffc9fe8a000 	C:\Program Files\Android\Android Studio\jbr\bin\jimage.dll
0x00007ffcbccb0000 - 0x00007ffcbcee2000 	C:\windows\SYSTEM32\DBGHELP.DLL
0x00007ffcbfd00000 - 0x00007ffcc0088000 	C:\windows\System32\combase.dll
0x00007ffcc12b0000 - 0x00007ffcc1387000 	C:\windows\System32\OLEAUT32.dll
0x00007ffcb2ec0000 - 0x00007ffcb2ef2000 	C:\windows\SYSTEM32\dbgcore.DLL
0x00007ffcbf350000 - 0x00007ffcbf3c9000 	C:\windows\System32\bcryptPrimitives.dll
0x00007ffc8d5a0000 - 0x00007ffc8d5c5000 	C:\Program Files\Android\Android Studio\jbr\bin\java.dll

dbghelp: loaded successfully - version: 4.0.5 - missing functions: none
symbol engine: initialized successfully - sym options: 0x614 - pdb path: .;C:\Program Files\Android\Android Studio\jbr\bin;C:\windows\SYSTEM32;C:\windows\WinSxS\amd64_microsoft.windows.common-controls_6595b64144ccf1df_6.0.22621.3527_none_270e469b73872a76;C:\Program Files\Android\Android Studio\jbr\bin\server

VM Arguments:
java_command: <unknown>
java_class_path (initial): <not set>
Launcher Type: SUN_STANDARD

[Global flags]
     intx CICompilerCount                          = 12                                        {product} {ergonomic}
     uint ConcGCThreads                            = 3                                         {product} {ergonomic}
     uint G1ConcRefinementThreads                  = 13                                        {product} {ergonomic}
   size_t G1HeapRegionSize                         = 2097152                                   {product} {ergonomic}
    uintx GCDrainStackTargetSize                   = 64                                        {product} {ergonomic}
   size_t InitialHeapSize                          = 264241152                                 {product} {ergonomic}
   size_t MarkStackSize                            = 4194304                                   {product} {ergonomic}
   size_t MaxHeapSize                              = 4208984064                                {product} {ergonomic}
   size_t MinHeapDeltaBytes                        = 2097152                                   {product} {ergonomic}
   size_t MinHeapSize                              = 8388608                                   {product} {ergonomic}
    uintx NonNMethodCodeHeapSize                   = 7602480                                {pd product} {ergonomic}
    uintx NonProfiledCodeHeapSize                  = 122027880                              {pd product} {ergonomic}
    uintx ProfiledCodeHeapSize                     = 122027880                              {pd product} {ergonomic}
    uintx ReservedCodeCacheSize                    = 251658240                              {pd product} {ergonomic}
     bool SegmentedCodeCache                       = true                                      {product} {ergonomic}
   size_t SoftMaxHeapSize                          = 4208984064                             {manageable} {ergonomic}
     bool UseCompressedClassPointers               = true                           {product lp64_product} {ergonomic}
     bool UseCompressedOops                        = true                           {product lp64_product} {ergonomic}
     bool UseG1GC                                  = true                                      {product} {ergonomic}
     bool UseLargePagesIndividualAllocation        = false                                  {pd product} {ergonomic}

Logging:
Log output configuration:
 #0: stdout all=warning uptime,level,tags
 #1: stderr all=off uptime,level,tags

Environment Variables:
JAVA_HOME=C:\Program Files\Android\Android Studio\jbr
PATH=C:\Program Files\Android\Android Studio\jbr\bin;C:\Program Files\Python312\Scripts\;C:\Program Files\Python312\;C:\windows\system32;C:\windows;C:\windows\System32\Wbem;C:\windows\System32\WindowsPowerShell\v1.0\;C:\windows\System32\OpenSSH\;C:\Program Files (x86)\NVIDIA Corporation\PhysX\Common;C:\Program Files\NVIDIA Corporation\NVIDIA NvDLISR;C:\Program Files\dotnet\;C:\cygwin64\bin;C:\Program Files\nodejs\;C:\ProgramData\chocolatey\bin;C:\Program Files\HP\HP One Agent;C:\Program Files\Git\cmd;C:\Users\adity\flutter\bin;;C:\Program Files\Microsoft SQL Server\150\Tools\Binn\;C:\Program Files\Microsoft SQL Server\Client SDK\ODBC\170\Tools\Binn\;C:\Program Files\GitHub CLI\;C:\Program Files\Docker\Docker\resources\bin;C:\Program Files (x86)\Windows Kits\10\Windows Performance Toolkit\;C:\windows\system32;C:\windows;C:\windows\System32\Wbem;C:\windows\System32\WindowsPowerShell\v1.0\;C:\windows\System32\OpenSSH\;C:\Program Files (x86)\NVIDIA Corporation\PhysX\Common;C:\Program Files\NVIDIA Corporation\NVIDIA NvDLISR;C:\Program Files\dotnet\;C:\cygwin64\bin;C:\Program Files\nodejs\;C:\ProgramData\chocolatey\bin;C:\Users\adity\AppData\Local\Microsoft\WindowsApps;C:\Users\adity\AppData\Local\Programs\Microsoft VS Code\bin;C:\Program Files\JetBrains\PyCharm Community Edition 2023.3.1\bin;C:\Users\adity\AppData\Roaming\npm;C:\Python34\Scripts;C:\Users\adity\flutter\bin;C:\Users\adity\.dotnet\tools;C:\Users\adity\AppData\Local\Android\Sdk;C:\Users\adity\AppData\Local\Android\Sdk\platform-tools;
USERNAME=adity
OS=Windows_NT
PROCESSOR_IDENTIFIER=Intel64 Family 6 Model 154 Stepping 3, GenuineIntel
TMP=C:\Users\adity\AppData\Local\Temp
TEMP=C:\Users\adity\AppData\Local\Temp



Periodic native trim disabled

JNI global refs:
JNI global refs: 0, weak refs: 0

JNI global refs memory usage: 0, weak refs: 0

OOME stack traces (most recent first):
Classloader memory used:


---------------  S Y S T E M  ---------------

OS:
 Windows 11 , 64 bit Build 22621 (10.0.22621.3527)
OS uptime: 1 days 9:22 hours
Hyper-V role detected

CPU: total 16 (initial active 16) (8 cores per cpu, 2 threads per core) family 6 model 154 stepping 3 microcode 0x42c, cx8, cmov, fxsr, ht, mmx, 3dnowpref, sse, sse2, sse3, ssse3, sse4.1, sse4.2, popcnt, lzcnt, tsc, tscinvbit, avx, avx2, aes, erms, clmul, bmi1, bmi2, adx, sha, fma, vzeroupper, clflush, clflushopt, clwb, hv
Processor Information for processor 0
  Max Mhz: 2300, Current Mhz: 2300, Mhz Limit: 2300
Processor Information for processor 1
  Max Mhz: 2300, Current Mhz: 2300, Mhz Limit: 2300
Processor Information for processor 2
  Max Mhz: 2300, Current Mhz: 2300, Mhz Limit: 2300
Processor Information for processor 3
  Max Mhz: 2300, Current Mhz: 2300, Mhz Limit: 2300
Processor Information for processor 4
  Max Mhz: 2300, Current Mhz: 2300, Mhz Limit: 2300
Processor Information for processor 5
  Max Mhz: 2300, Current Mhz: 2300, Mhz Limit: 2300
Processor Information for processor 6
  Max Mhz: 2300, Current Mhz: 2300, Mhz Limit: 2300
Processor Information for processor 7
  Max Mhz: 2300, Current Mhz: 2300, Mhz Limit: 2300
Processor Information for processor 8
  Max Mhz: 2300, Current Mhz: 2300, Mhz Limit: 2300
Processor Information for processor 9
  Max Mhz: 2300, Current Mhz: 2300, Mhz Limit: 2300
Processor Information for processor 10
  Max Mhz: 2300, Current Mhz: 2300, Mhz Limit: 2300
Processor Information for processor 11
  Max Mhz: 2300, Current Mhz: 2300, Mhz Limit: 2300
Processor Information for processor 12
  Max Mhz: 2300, Current Mhz: 1700, Mhz Limit: 1679
Processor Information for processor 13
  Max Mhz: 2300, Current Mhz: 1700, Mhz Limit: 1679
Processor Information for processor 14
  Max Mhz: 2300, Current Mhz: 1500, Mhz Limit: 1679
Processor Information for processor 15
  Max Mhz: 2300, Current Mhz: 1500, Mhz Limit: 1679

Memory: 4k page, system-wide physical 16051M (1595M free)
TotalPageFile size 16051M (AvailPageFile size 9M)
current process WorkingSet (physical memory assigned to process): 11M, peak: 11M
current process commit charge ("private bytes"): 70M, peak: 322M

vm_info: OpenJDK 64-Bit Server VM (17.0.10+0--11572160) for windows-amd64 JRE (17.0.10+0--11572160), built on Mar 13 2024 23:56:38 by "androidbuild" with MS VC++ 16.10 / 16.11 (VS2019)

END.
