#
# There is insufficient memory for the Java Runtime Environment to continue.
# Native memory allocation (malloc) failed to allocate 123040 bytes for Chunk::new
# Possible reasons:
#   The system is out of physical RAM or swap space
#   The process is running with CompressedOops enabled, and the Java Heap may be blocking the growth of the native heap
# Possible solutions:
#   Reduce memory load on the system
#   Increase physical memory or swap space
#   Check if swap backing store is full
#   Decrease Java heap size (-Xmx/-Xms)
#   Decrease number of Java threads
#   Decrease Java thread stack sizes (-Xss)
#   Set larger code cache with -XX:ReservedCodeCacheSize=
#   JVM is running with Zero Based Compressed Oops mode in which the Java heap is
#     placed in the first 32GB address space. The Java Heap base address is the
#     maximum limit for the native heap growth. Please use -XX:HeapBaseMinAddress
#     to set the Java Heap base and to place the Java Heap above 32GB virtual address.
# This output file may be truncated or incomplete.
#
#  Out of Memory Error (arena.cpp:191), pid=21284, tid=17384
#
# JRE version: OpenJDK Runtime Environment (17.0.10) (build 17.0.10+0--11572160)
# Java VM: OpenJDK 64-Bit Server VM (17.0.10+0--11572160, mixed mode, tiered, compressed oops, compressed class ptrs, g1 gc, windows-amd64)
# No core dump will be written. Minidumps are not enabled by default on client versions of Windows
#

---------------  S U M M A R Y ------------

Command Line: -Dorg.gradle.appname=gradlew org.gradle.wrapper.GradleWrapperMain -q -Ptarget-platform=android-x64 -Ptarget=C:\Flutter1\IITK-Mail-Client-Official-\lib\main.dart -Pbase-application-name=android.app.Application -Pdart-defines=RkxVVFRFUl9XRUJfQVVUT19ERVRFQ1Q9dHJ1ZQ==,RkxVVFRFUl9XRUJfQ0FOVkFTS0lUX1VSTD1odHRwczovL3d3dy5nc3RhdGljLmNvbS9mbHV0dGVyLWNhbnZhc2tpdC9jNGNkNDhlMTg2NDYwYjMyZDQ0NTg1Y2UzYzEwMzI3MWFiNjc2MzU1Lw== -Pdart-obfuscation=false -Ptrack-widget-creation=true -Ptree-shake-icons=false -Pfilesystem-scheme=org-dartlang-root assembleDebug

Host: 12th Gen Intel(R) Core(TM) i7-12650H, 16 cores, 15G,  Windows 11 , 64 bit Build 22621 (10.0.22621.3527)
Time: Thu Jun 13 11:31:03 2024 India Standard Time elapsed time: 0.875130 seconds (0d 0h 0m 0s)

---------------  T H R E A D  ---------------

Current thread (0x000001c77f34d2a0):  JavaThread "C2 CompilerThread1" daemon [_thread_in_native, id=17384, stack(0x00000087c7e00000,0x00000087c7f00000)]


Current CompileTask:
C2:    875 1281       4       java.lang.String::replace (42 bytes)

Stack: [0x00000087c7e00000,0x00000087c7f00000]
Native frames: (J=compiled Java code, j=interpreted, Vv=VM code, C=native code)
V  [jvm.dll+0x688e89]
V  [jvm.dll+0x84247a]
V  [jvm.dll+0x8440be]
V  [jvm.dll+0x844723]
V  [jvm.dll+0x24be0f]
V  [jvm.dll+0xac524]
V  [jvm.dll+0xacb6c]
V  [jvm.dll+0x36bd67]
V  [jvm.dll+0x33615a]
V  [jvm.dll+0x3355fa]
V  [jvm.dll+0x21daa1]
V  [jvm.dll+0x21cec1]
V  [jvm.dll+0x1a60ad]
V  [jvm.dll+0x22cd78]
V  [jvm.dll+0x22aeb0]
V  [jvm.dll+0x7f6917]
V  [jvm.dll+0x7f0d1a]
V  [jvm.dll+0x687d05]
C  [ucrtbase.dll+0x29333]
C  [KERNEL32.DLL+0x1257d]
C  [ntdll.dll+0x5aa48]


---------------  P R O C E S S  ---------------

Threads class SMR info:
_java_thread_list=0x000001c71357a940, length=18, elements={
0x000001c76cd2f300, 0x000001c77f0c83f0, 0x000001c77f0c9180, 0x000001c77f11a180,
0x000001c77f11cf10, 0x000001c77f11e8e0, 0x000001c77f11f2a0, 0x000001c77f120040,
0x000001c77f120af0, 0x000001c77f1214f0, 0x000001c77f28abb0, 0x000001c77f2914f0,
0x000001c77f291a10, 0x000001c77f317c60, 0x000001c77f2a2390, 0x000001c77f34d2a0,
0x000001c71373ec30, 0x000001c7139a2750
}

Java Threads: ( => current thread )
  0x000001c76cd2f300 JavaThread "main" [_thread_in_vm, id=13572, stack(0x00000087c6800000,0x00000087c6900000)]
  0x000001c77f0c83f0 JavaThread "Reference Handler" daemon [_thread_blocked, id=14412, stack(0x00000087c6f00000,0x00000087c7000000)]
  0x000001c77f0c9180 JavaThread "Finalizer" daemon [_thread_blocked, id=4736, stack(0x00000087c7000000,0x00000087c7100000)]
  0x000001c77f11a180 JavaThread "Signal Dispatcher" daemon [_thread_blocked, id=22288, stack(0x00000087c7100000,0x00000087c7200000)]
  0x000001c77f11cf10 JavaThread "Attach Listener" daemon [_thread_blocked, id=7392, stack(0x00000087c7200000,0x00000087c7300000)]
  0x000001c77f11e8e0 JavaThread "Service Thread" daemon [_thread_blocked, id=19940, stack(0x00000087c7300000,0x00000087c7400000)]
  0x000001c77f11f2a0 JavaThread "Monitor Deflation Thread" daemon [_thread_blocked, id=1884, stack(0x00000087c7400000,0x00000087c7500000)]
  0x000001c77f120040 JavaThread "C2 CompilerThread0" daemon [_thread_blocked, id=26256, stack(0x00000087c7500000,0x00000087c7600000)]
  0x000001c77f120af0 JavaThread "C1 CompilerThread0" daemon [_thread_blocked, id=12892, stack(0x00000087c7600000,0x00000087c7700000)]
  0x000001c77f1214f0 JavaThread "Sweeper thread" daemon [_thread_blocked, id=23060, stack(0x00000087c7700000,0x00000087c7800000)]
  0x000001c77f28abb0 JavaThread "C1 CompilerThread1" daemon [_thread_blocked, id=23680, stack(0x00000087c7800000,0x00000087c7900000)]
  0x000001c77f2914f0 JavaThread "C1 CompilerThread2" daemon [_thread_blocked, id=20720, stack(0x00000087c7900000,0x00000087c7a00000)]
  0x000001c77f291a10 JavaThread "C1 CompilerThread3" daemon [_thread_blocked, id=16160, stack(0x00000087c7a00000,0x00000087c7b00000)]
  0x000001c77f317c60 JavaThread "Notification Thread" daemon [_thread_blocked, id=22436, stack(0x00000087c7b00000,0x00000087c7c00000)]
  0x000001c77f2a2390 JavaThread "Common-Cleaner" daemon [_thread_blocked, id=23192, stack(0x00000087c7d00000,0x00000087c7e00000)]
=>0x000001c77f34d2a0 JavaThread "C2 CompilerThread1" daemon [_thread_in_native, id=17384, stack(0x00000087c7e00000,0x00000087c7f00000)]
  0x000001c71373ec30 JavaThread "pool-1-thread-1" [_thread_blocked, id=22928, stack(0x00000087c8600000,0x00000087c8700000)]
  0x000001c7139a2750 JavaThread "Exec process" [_thread_in_vm, id=10908, stack(0x00000087c7f00000,0x00000087c8000000)]

Other Threads:
  0x000001c77f0c5020 VMThread "VM Thread" [stack: 0x00000087c6e00000,0x00000087c6f00000] [id=22908]
  0x000001c77f318140 WatcherThread [stack: 0x00000087c7c00000,0x00000087c7d00000] [id=8836]
  0x000001c76cd9ba70 GCTaskThread "GC Thread#0" [stack: 0x00000087c6900000,0x00000087c6a00000] [id=13200]
  0x000001c713376000 GCTaskThread "GC Thread#1" [stack: 0x00000087c8100000,0x00000087c8200000] [id=23136]
  0x000001c7133762c0 GCTaskThread "GC Thread#2" [stack: 0x00000087c8200000,0x00000087c8300000] [id=20944]
  0x000001c713376580 GCTaskThread "GC Thread#3" [stack: 0x00000087c8300000,0x00000087c8400000] [id=4776]
  0x000001c713376c50 GCTaskThread "GC Thread#4" [stack: 0x00000087c8400000,0x00000087c8500000] [id=11556]
  0x000001c77fd656a0 GCTaskThread "GC Thread#5" [stack: 0x00000087c8500000,0x00000087c8600000] [id=24748]
  0x000001c76cdac490 ConcurrentGCThread "G1 Main Marker" [stack: 0x00000087c6a00000,0x00000087c6b00000] [id=4360]
  0x000001c76cdaceb0 ConcurrentGCThread "G1 Conc#0" [stack: 0x00000087c6b00000,0x00000087c6c00000] [id=25036]
  0x000001c77ebdcd60 ConcurrentGCThread "G1 Refine#0" [stack: 0x00000087c6c00000,0x00000087c6d00000] [id=10596]
  0x000001c77ebdd790 ConcurrentGCThread "G1 Service" [stack: 0x00000087c6d00000,0x00000087c6e00000] [id=880]

Threads with active compile tasks:
C2 CompilerThread1      883 1281       4       java.lang.String::replace (42 bytes)

VM state: not at safepoint (normal execution)

VM Mutex/Monitor currently owned by a thread:  ([mutex/lock_event])
[0x000001c76cd29f00] Metaspace_lock - owner thread: 0x000001c76cd2f300

Heap address: 0x0000000705200000, size: 4014 MB, Compressed Oops mode: Zero based, Oop shift amount: 3

CDS archive(s) not mapped
Compressed class space mapped at: 0x0000000800000000-0x0000000840000000, reserved size: 1073741824
Narrow klass base: 0x0000000800000000, Narrow klass shift: 0, Narrow klass range: 0x40000000

GC Precious Log:
 CPUs: 16 total, 16 available
 Memory: 16051M
 Large Page Support: Disabled
 NUMA Support: Disabled
 Compressed Oops: Enabled (Zero based)
 Heap Region Size: 2M
 Heap Min Capacity: 8M
 Heap Initial Capacity: 252M
 Heap Max Capacity: 4014M
 Pre-touch: Disabled
 Parallel Workers: 13
 Concurrent Workers: 3
 Concurrent Refinement Workers: 13
 Periodic GC: Disabled

Heap:
 garbage-first heap   total 258048K, used 28393K [0x0000000705200000, 0x0000000800000000)
  region size 2048K, 12 young (24576K), 2 survivors (4096K)
 Metaspace       used 15875K, committed 16000K, reserved 1114112K
  class space    used 1833K, committed 1920K, reserved 1048576K

Heap Regions: E=young(eden), S=young(survivor), O=old, HS=humongous(starts), HC=humongous(continues), CS=collection set, F=free, OA=open archive, CA=closed archive, TAMS=top-at-mark-start (previous, next)
|   0|0x0000000705200000, 0x0000000705400000, 0x0000000705400000|100%|HS|  |TAMS 0x0000000705200000, 0x0000000705200000| Complete 
|   1|0x0000000705400000, 0x0000000705600000, 0x0000000705600000|100%|HC|  |TAMS 0x0000000705400000, 0x0000000705400000| Complete 
|   2|0x0000000705600000, 0x00000007057ba600, 0x0000000705800000| 86%| O|  |TAMS 0x0000000705600000, 0x0000000705600000| Untracked 
|   3|0x0000000705800000, 0x0000000705800000, 0x0000000705a00000|  0%| F|  |TAMS 0x0000000705800000, 0x0000000705800000| Untracked 
|   4|0x0000000705a00000, 0x0000000705a00000, 0x0000000705c00000|  0%| F|  |TAMS 0x0000000705a00000, 0x0000000705a00000| Untracked 
|   5|0x0000000705c00000, 0x0000000705c00000, 0x0000000705e00000|  0%| F|  |TAMS 0x0000000705c00000, 0x0000000705c00000| Untracked 
|   6|0x0000000705e00000, 0x0000000705e00000, 0x0000000706000000|  0%| F|  |TAMS 0x0000000705e00000, 0x0000000705e00000| Untracked 
|   7|0x0000000706000000, 0x0000000706000000, 0x0000000706200000|  0%| F|  |TAMS 0x0000000706000000, 0x0000000706000000| Untracked 
|   8|0x0000000706200000, 0x0000000706200000, 0x0000000706400000|  0%| F|  |TAMS 0x0000000706200000, 0x0000000706200000| Untracked 
|   9|0x0000000706400000, 0x0000000706400000, 0x0000000706600000|  0%| F|  |TAMS 0x0000000706400000, 0x0000000706400000| Untracked 
|  10|0x0000000706600000, 0x0000000706600000, 0x0000000706800000|  0%| F|  |TAMS 0x0000000706600000, 0x0000000706600000| Untracked 
|  11|0x0000000706800000, 0x0000000706800000, 0x0000000706a00000|  0%| F|  |TAMS 0x0000000706800000, 0x0000000706800000| Untracked 
|  12|0x0000000706a00000, 0x0000000706a00000, 0x0000000706c00000|  0%| F|  |TAMS 0x0000000706a00000, 0x0000000706a00000| Untracked 
|  13|0x0000000706c00000, 0x0000000706c00000, 0x0000000706e00000|  0%| F|  |TAMS 0x0000000706c00000, 0x0000000706c00000| Untracked 
|  14|0x0000000706e00000, 0x0000000706e00000, 0x0000000707000000|  0%| F|  |TAMS 0x0000000706e00000, 0x0000000706e00000| Untracked 
|  15|0x0000000707000000, 0x0000000707000000, 0x0000000707200000|  0%| F|  |TAMS 0x0000000707000000, 0x0000000707000000| Untracked 
|  16|0x0000000707200000, 0x0000000707200000, 0x0000000707400000|  0%| F|  |TAMS 0x0000000707200000, 0x0000000707200000| Untracked 
|  17|0x0000000707400000, 0x0000000707400000, 0x0000000707600000|  0%| F|  |TAMS 0x0000000707400000, 0x0000000707400000| Untracked 
|  18|0x0000000707600000, 0x0000000707600000, 0x0000000707800000|  0%| F|  |TAMS 0x0000000707600000, 0x0000000707600000| Untracked 
|  19|0x0000000707800000, 0x0000000707800000, 0x0000000707a00000|  0%| F|  |TAMS 0x0000000707800000, 0x0000000707800000| Untracked 
|  20|0x0000000707a00000, 0x0000000707a00000, 0x0000000707c00000|  0%| F|  |TAMS 0x0000000707a00000, 0x0000000707a00000| Untracked 
|  21|0x0000000707c00000, 0x0000000707c00000, 0x0000000707e00000|  0%| F|  |TAMS 0x0000000707c00000, 0x0000000707c00000| Untracked 
|  22|0x0000000707e00000, 0x0000000707e00000, 0x0000000708000000|  0%| F|  |TAMS 0x0000000707e00000, 0x0000000707e00000| Untracked 
|  23|0x0000000708000000, 0x0000000708000000, 0x0000000708200000|  0%| F|  |TAMS 0x0000000708000000, 0x0000000708000000| Untracked 
|  24|0x0000000708200000, 0x0000000708200000, 0x0000000708400000|  0%| F|  |TAMS 0x0000000708200000, 0x0000000708200000| Untracked 
|  25|0x0000000708400000, 0x0000000708400000, 0x0000000708600000|  0%| F|  |TAMS 0x0000000708400000, 0x0000000708400000| Untracked 
|  26|0x0000000708600000, 0x0000000708600000, 0x0000000708800000|  0%| F|  |TAMS 0x0000000708600000, 0x0000000708600000| Untracked 
|  27|0x0000000708800000, 0x0000000708800000, 0x0000000708a00000|  0%| F|  |TAMS 0x0000000708800000, 0x0000000708800000| Untracked 
|  28|0x0000000708a00000, 0x0000000708a00000, 0x0000000708c00000|  0%| F|  |TAMS 0x0000000708a00000, 0x0000000708a00000| Untracked 
|  29|0x0000000708c00000, 0x0000000708c00000, 0x0000000708e00000|  0%| F|  |TAMS 0x0000000708c00000, 0x0000000708c00000| Untracked 
|  30|0x0000000708e00000, 0x0000000708e00000, 0x0000000709000000|  0%| F|  |TAMS 0x0000000708e00000, 0x0000000708e00000| Untracked 
|  31|0x0000000709000000, 0x0000000709000000, 0x0000000709200000|  0%| F|  |TAMS 0x0000000709000000, 0x0000000709000000| Untracked 
|  32|0x0000000709200000, 0x0000000709200000, 0x0000000709400000|  0%| F|  |TAMS 0x0000000709200000, 0x0000000709200000| Untracked 
|  33|0x0000000709400000, 0x0000000709400000, 0x0000000709600000|  0%| F|  |TAMS 0x0000000709400000, 0x0000000709400000| Untracked 
|  34|0x0000000709600000, 0x0000000709600000, 0x0000000709800000|  0%| F|  |TAMS 0x0000000709600000, 0x0000000709600000| Untracked 
|  35|0x0000000709800000, 0x0000000709800000, 0x0000000709a00000|  0%| F|  |TAMS 0x0000000709800000, 0x0000000709800000| Untracked 
|  36|0x0000000709a00000, 0x0000000709a00000, 0x0000000709c00000|  0%| F|  |TAMS 0x0000000709a00000, 0x0000000709a00000| Untracked 
|  37|0x0000000709c00000, 0x0000000709c00000, 0x0000000709e00000|  0%| F|  |TAMS 0x0000000709c00000, 0x0000000709c00000| Untracked 
|  38|0x0000000709e00000, 0x0000000709e00000, 0x000000070a000000|  0%| F|  |TAMS 0x0000000709e00000, 0x0000000709e00000| Untracked 
|  39|0x000000070a000000, 0x000000070a000000, 0x000000070a200000|  0%| F|  |TAMS 0x000000070a000000, 0x000000070a000000| Untracked 
|  40|0x000000070a200000, 0x000000070a200000, 0x000000070a400000|  0%| F|  |TAMS 0x000000070a200000, 0x000000070a200000| Untracked 
|  41|0x000000070a400000, 0x000000070a400000, 0x000000070a600000|  0%| F|  |TAMS 0x000000070a400000, 0x000000070a400000| Untracked 
|  42|0x000000070a600000, 0x000000070a600000, 0x000000070a800000|  0%| F|  |TAMS 0x000000070a600000, 0x000000070a600000| Untracked 
|  43|0x000000070a800000, 0x000000070a800000, 0x000000070aa00000|  0%| F|  |TAMS 0x000000070a800000, 0x000000070a800000| Untracked 
|  44|0x000000070aa00000, 0x000000070aa00000, 0x000000070ac00000|  0%| F|  |TAMS 0x000000070aa00000, 0x000000070aa00000| Untracked 
|  45|0x000000070ac00000, 0x000000070ac00000, 0x000000070ae00000|  0%| F|  |TAMS 0x000000070ac00000, 0x000000070ac00000| Untracked 
|  46|0x000000070ae00000, 0x000000070ae00000, 0x000000070b000000|  0%| F|  |TAMS 0x000000070ae00000, 0x000000070ae00000| Untracked 
|  47|0x000000070b000000, 0x000000070b000000, 0x000000070b200000|  0%| F|  |TAMS 0x000000070b000000, 0x000000070b000000| Untracked 
|  48|0x000000070b200000, 0x000000070b200000, 0x000000070b400000|  0%| F|  |TAMS 0x000000070b200000, 0x000000070b200000| Untracked 
|  49|0x000000070b400000, 0x000000070b400000, 0x000000070b600000|  0%| F|  |TAMS 0x000000070b400000, 0x000000070b400000| Untracked 
|  50|0x000000070b600000, 0x000000070b600000, 0x000000070b800000|  0%| F|  |TAMS 0x000000070b600000, 0x000000070b600000| Untracked 
|  51|0x000000070b800000, 0x000000070b800000, 0x000000070ba00000|  0%| F|  |TAMS 0x000000070b800000, 0x000000070b800000| Untracked 
|  52|0x000000070ba00000, 0x000000070ba00000, 0x000000070bc00000|  0%| F|  |TAMS 0x000000070ba00000, 0x000000070ba00000| Untracked 
|  53|0x000000070bc00000, 0x000000070bc00000, 0x000000070be00000|  0%| F|  |TAMS 0x000000070bc00000, 0x000000070bc00000| Untracked 
|  54|0x000000070be00000, 0x000000070be00000, 0x000000070c000000|  0%| F|  |TAMS 0x000000070be00000, 0x000000070be00000| Untracked 
|  55|0x000000070c000000, 0x000000070c000000, 0x000000070c200000|  0%| F|  |TAMS 0x000000070c000000, 0x000000070c000000| Untracked 
|  56|0x000000070c200000, 0x000000070c200000, 0x000000070c400000|  0%| F|  |TAMS 0x000000070c200000, 0x000000070c200000| Untracked 
|  57|0x000000070c400000, 0x000000070c400000, 0x000000070c600000|  0%| F|  |TAMS 0x000000070c400000, 0x000000070c400000| Untracked 
|  58|0x000000070c600000, 0x000000070c600000, 0x000000070c800000|  0%| F|  |TAMS 0x000000070c600000, 0x000000070c600000| Untracked 
|  59|0x000000070c800000, 0x000000070c800000, 0x000000070ca00000|  0%| F|  |TAMS 0x000000070c800000, 0x000000070c800000| Untracked 
|  60|0x000000070ca00000, 0x000000070ca00000, 0x000000070cc00000|  0%| F|  |TAMS 0x000000070ca00000, 0x000000070ca00000| Untracked 
|  61|0x000000070cc00000, 0x000000070cc00000, 0x000000070ce00000|  0%| F|  |TAMS 0x000000070cc00000, 0x000000070cc00000| Untracked 
|  62|0x000000070ce00000, 0x000000070ce00000, 0x000000070d000000|  0%| F|  |TAMS 0x000000070ce00000, 0x000000070ce00000| Untracked 
|  63|0x000000070d000000, 0x000000070d000000, 0x000000070d200000|  0%| F|  |TAMS 0x000000070d000000, 0x000000070d000000| Untracked 
|  64|0x000000070d200000, 0x000000070d200000, 0x000000070d400000|  0%| F|  |TAMS 0x000000070d200000, 0x000000070d200000| Untracked 
|  65|0x000000070d400000, 0x000000070d400000, 0x000000070d600000|  0%| F|  |TAMS 0x000000070d400000, 0x000000070d400000| Untracked 
|  66|0x000000070d600000, 0x000000070d600000, 0x000000070d800000|  0%| F|  |TAMS 0x000000070d600000, 0x000000070d600000| Untracked 
|  67|0x000000070d800000, 0x000000070d800000, 0x000000070da00000|  0%| F|  |TAMS 0x000000070d800000, 0x000000070d800000| Untracked 
|  68|0x000000070da00000, 0x000000070da00000, 0x000000070dc00000|  0%| F|  |TAMS 0x000000070da00000, 0x000000070da00000| Untracked 
|  69|0x000000070dc00000, 0x000000070dc00000, 0x000000070de00000|  0%| F|  |TAMS 0x000000070dc00000, 0x000000070dc00000| Untracked 
|  70|0x000000070de00000, 0x000000070de00000, 0x000000070e000000|  0%| F|  |TAMS 0x000000070de00000, 0x000000070de00000| Untracked 
|  71|0x000000070e000000, 0x000000070e000000, 0x000000070e200000|  0%| F|  |TAMS 0x000000070e000000, 0x000000070e000000| Untracked 
|  72|0x000000070e200000, 0x000000070e200000, 0x000000070e400000|  0%| F|  |TAMS 0x000000070e200000, 0x000000070e200000| Untracked 
|  73|0x000000070e400000, 0x000000070e400000, 0x000000070e600000|  0%| F|  |TAMS 0x000000070e400000, 0x000000070e400000| Untracked 
|  74|0x000000070e600000, 0x000000070e600000, 0x000000070e800000|  0%| F|  |TAMS 0x000000070e600000, 0x000000070e600000| Untracked 
|  75|0x000000070e800000, 0x000000070e800000, 0x000000070ea00000|  0%| F|  |TAMS 0x000000070e800000, 0x000000070e800000| Untracked 
|  76|0x000000070ea00000, 0x000000070ea00000, 0x000000070ec00000|  0%| F|  |TAMS 0x000000070ea00000, 0x000000070ea00000| Untracked 
|  77|0x000000070ec00000, 0x000000070ec00000, 0x000000070ee00000|  0%| F|  |TAMS 0x000000070ec00000, 0x000000070ec00000| Untracked 
|  78|0x000000070ee00000, 0x000000070ee00000, 0x000000070f000000|  0%| F|  |TAMS 0x000000070ee00000, 0x000000070ee00000| Untracked 
|  79|0x000000070f000000, 0x000000070f000000, 0x000000070f200000|  0%| F|  |TAMS 0x000000070f000000, 0x000000070f000000| Untracked 
|  80|0x000000070f200000, 0x000000070f200000, 0x000000070f400000|  0%| F|  |TAMS 0x000000070f200000, 0x000000070f200000| Untracked 
|  81|0x000000070f400000, 0x000000070f400000, 0x000000070f600000|  0%| F|  |TAMS 0x000000070f400000, 0x000000070f400000| Untracked 
|  82|0x000000070f600000, 0x000000070f600000, 0x000000070f800000|  0%| F|  |TAMS 0x000000070f600000, 0x000000070f600000| Untracked 
|  83|0x000000070f800000, 0x000000070f800000, 0x000000070fa00000|  0%| F|  |TAMS 0x000000070f800000, 0x000000070f800000| Untracked 
|  84|0x000000070fa00000, 0x000000070fa00000, 0x000000070fc00000|  0%| F|  |TAMS 0x000000070fa00000, 0x000000070fa00000| Untracked 
|  85|0x000000070fc00000, 0x000000070fc00000, 0x000000070fe00000|  0%| F|  |TAMS 0x000000070fc00000, 0x000000070fc00000| Untracked 
|  86|0x000000070fe00000, 0x000000070fe00000, 0x0000000710000000|  0%| F|  |TAMS 0x000000070fe00000, 0x000000070fe00000| Untracked 
|  87|0x0000000710000000, 0x0000000710000000, 0x0000000710200000|  0%| F|  |TAMS 0x0000000710000000, 0x0000000710000000| Untracked 
|  88|0x0000000710200000, 0x0000000710200000, 0x0000000710400000|  0%| F|  |TAMS 0x0000000710200000, 0x0000000710200000| Untracked 
|  89|0x0000000710400000, 0x0000000710400000, 0x0000000710600000|  0%| F|  |TAMS 0x0000000710400000, 0x0000000710400000| Untracked 
|  90|0x0000000710600000, 0x0000000710600000, 0x0000000710800000|  0%| F|  |TAMS 0x0000000710600000, 0x0000000710600000| Untracked 
|  91|0x0000000710800000, 0x0000000710800000, 0x0000000710a00000|  0%| F|  |TAMS 0x0000000710800000, 0x0000000710800000| Untracked 
|  92|0x0000000710a00000, 0x0000000710a00000, 0x0000000710c00000|  0%| F|  |TAMS 0x0000000710a00000, 0x0000000710a00000| Untracked 
|  93|0x0000000710c00000, 0x0000000710c00000, 0x0000000710e00000|  0%| F|  |TAMS 0x0000000710c00000, 0x0000000710c00000| Untracked 
|  94|0x0000000710e00000, 0x0000000710e00000, 0x0000000711000000|  0%| F|  |TAMS 0x0000000710e00000, 0x0000000710e00000| Untracked 
|  95|0x0000000711000000, 0x0000000711000000, 0x0000000711200000|  0%| F|  |TAMS 0x0000000711000000, 0x0000000711000000| Untracked 
|  96|0x0000000711200000, 0x0000000711200000, 0x0000000711400000|  0%| F|  |TAMS 0x0000000711200000, 0x0000000711200000| Untracked 
|  97|0x0000000711400000, 0x0000000711400000, 0x0000000711600000|  0%| F|  |TAMS 0x0000000711400000, 0x0000000711400000| Untracked 
|  98|0x0000000711600000, 0x0000000711600000, 0x0000000711800000|  0%| F|  |TAMS 0x0000000711600000, 0x0000000711600000| Untracked 
|  99|0x0000000711800000, 0x0000000711800000, 0x0000000711a00000|  0%| F|  |TAMS 0x0000000711800000, 0x0000000711800000| Untracked 
| 100|0x0000000711a00000, 0x0000000711a00000, 0x0000000711c00000|  0%| F|  |TAMS 0x0000000711a00000, 0x0000000711a00000| Untracked 
| 101|0x0000000711c00000, 0x0000000711c00000, 0x0000000711e00000|  0%| F|  |TAMS 0x0000000711c00000, 0x0000000711c00000| Untracked 
| 102|0x0000000711e00000, 0x0000000711e00000, 0x0000000712000000|  0%| F|  |TAMS 0x0000000711e00000, 0x0000000711e00000| Untracked 
| 103|0x0000000712000000, 0x0000000712000000, 0x0000000712200000|  0%| F|  |TAMS 0x0000000712000000, 0x0000000712000000| Untracked 
| 104|0x0000000712200000, 0x0000000712200000, 0x0000000712400000|  0%| F|  |TAMS 0x0000000712200000, 0x0000000712200000| Untracked 
| 105|0x0000000712400000, 0x0000000712400000, 0x0000000712600000|  0%| F|  |TAMS 0x0000000712400000, 0x0000000712400000| Untracked 
| 106|0x0000000712600000, 0x0000000712600000, 0x0000000712800000|  0%| F|  |TAMS 0x0000000712600000, 0x0000000712600000| Untracked 
| 107|0x0000000712800000, 0x0000000712800000, 0x0000000712a00000|  0%| F|  |TAMS 0x0000000712800000, 0x0000000712800000| Untracked 
| 108|0x0000000712a00000, 0x0000000712a00000, 0x0000000712c00000|  0%| F|  |TAMS 0x0000000712a00000, 0x0000000712a00000| Untracked 
| 109|0x0000000712c00000, 0x0000000712c00000, 0x0000000712e00000|  0%| F|  |TAMS 0x0000000712c00000, 0x0000000712c00000| Untracked 
| 110|0x0000000712e00000, 0x0000000712e00000, 0x0000000713000000|  0%| F|  |TAMS 0x0000000712e00000, 0x0000000712e00000| Untracked 
| 111|0x0000000713000000, 0x0000000713000000, 0x0000000713200000|  0%| F|  |TAMS 0x0000000713000000, 0x0000000713000000| Untracked 
| 112|0x0000000713200000, 0x0000000713200000, 0x0000000713400000|  0%| F|  |TAMS 0x0000000713200000, 0x0000000713200000| Untracked 
| 113|0x0000000713400000, 0x0000000713600000, 0x0000000713600000|100%| S|CS|TAMS 0x0000000713400000, 0x0000000713400000| Complete 
| 114|0x0000000713600000, 0x0000000713800000, 0x0000000713800000|100%| S|CS|TAMS 0x0000000713600000, 0x0000000713600000| Complete 
| 115|0x0000000713800000, 0x0000000713800000, 0x0000000713a00000|  0%| F|  |TAMS 0x0000000713800000, 0x0000000713800000| Untracked 
| 116|0x0000000713a00000, 0x0000000713ab2928, 0x0000000713c00000| 34%| E|  |TAMS 0x0000000713a00000, 0x0000000713a00000| Complete 
| 117|0x0000000713c00000, 0x0000000713e00000, 0x0000000713e00000|100%| E|CS|TAMS 0x0000000713c00000, 0x0000000713c00000| Complete 
| 118|0x0000000713e00000, 0x0000000714000000, 0x0000000714000000|100%| E|CS|TAMS 0x0000000713e00000, 0x0000000713e00000| Complete 
| 119|0x0000000714000000, 0x0000000714200000, 0x0000000714200000|100%| E|CS|TAMS 0x0000000714000000, 0x0000000714000000| Complete 
| 120|0x0000000714200000, 0x0000000714400000, 0x0000000714400000|100%| E|CS|TAMS 0x0000000714200000, 0x0000000714200000| Complete 
| 121|0x0000000714400000, 0x0000000714600000, 0x0000000714600000|100%| E|CS|TAMS 0x0000000714400000, 0x0000000714400000| Complete 
| 122|0x0000000714600000, 0x0000000714800000, 0x0000000714800000|100%| E|CS|TAMS 0x0000000714600000, 0x0000000714600000| Complete 
| 123|0x0000000714800000, 0x0000000714a00000, 0x0000000714a00000|100%| E|CS|TAMS 0x0000000714800000, 0x0000000714800000| Complete 
| 124|0x0000000714a00000, 0x0000000714c00000, 0x0000000714c00000|100%| E|CS|TAMS 0x0000000714a00000, 0x0000000714a00000| Complete 
| 125|0x0000000714c00000, 0x0000000714e00000, 0x0000000714e00000|100%| E|CS|TAMS 0x0000000714c00000, 0x0000000714c00000| Complete 

Card table byte_map: [0x000001c773160000,0x000001c773940000] _byte_map_base: 0x000001c76f937000

Marking Bits (Prev, Next): (CMBitMap*) 0x000001c76cd9c090, (CMBitMap*) 0x000001c76cd9c0d0
 Prev Bits: [0x000001c774120000, 0x000001c777fd8000)
 Next Bits: [0x000001c777fe0000, 0x000001c77be98000)

Polling page: 0x000001c76ca90000

Metaspace:

Usage:
  Non-class:     13.71 MB used.
      Class:      1.79 MB used.
       Both:     15.50 MB used.

Virtual space:
  Non-class space:       64.00 MB reserved,      13.75 MB ( 21%) committed,  1 nodes.
      Class space:        1.00 GB reserved,       1.88 MB ( <1%) committed,  1 nodes.
             Both:        1.06 GB reserved,      15.62 MB (  1%) committed. 

Chunk freelists:
   Non-Class:  1.88 MB
       Class:  14.16 MB
        Both:  16.03 MB

MaxMetaspaceSize: unlimited
CompressedClassSpaceSize: 1.00 GB
Initial GC threshold: 21.00 MB
Current GC threshold: 21.00 MB
CDS: off
MetaspaceReclaimPolicy: balanced
 - commit_granule_bytes: 65536.
 - commit_granule_words: 8192.
 - virtual_space_node_default_size: 8388608.
 - enlarge_chunks_in_place: 1.
 - new_chunks_are_fully_committed: 0.
 - uncommit_free_chunks: 1.
 - use_allocation_guard: 0.
 - handle_deallocations: 1.


Internal statistics:

num_allocs_failed_limit: 0.
num_arena_births: 72.
num_arena_deaths: 0.
num_vsnodes_births: 2.
num_vsnodes_deaths: 0.
num_space_committed: 250.
num_space_uncommitted: 0.
num_chunks_returned_to_freelist: 0.
num_chunks_taken_from_freelist: 291.
num_chunk_merges: 0.
num_chunk_splits: 196.
num_chunks_enlarged: 166.
num_inconsistent_stats: 0.

CodeHeap 'non-profiled nmethods': size=119168Kb used=516Kb max_used=516Kb free=118651Kb
 bounds [0x000001c707ba0000, 0x000001c707e10000, 0x000001c70f000000]
CodeHeap 'profiled nmethods': size=119104Kb used=2625Kb max_used=2625Kb free=116478Kb
 bounds [0x000001c700000000, 0x000001c7002a0000, 0x000001c707450000]
CodeHeap 'non-nmethods': size=7488Kb used=2849Kb max_used=2869Kb free=4638Kb
 bounds [0x000001c707450000, 0x000001c707720000, 0x000001c707ba0000]
 total_blobs=1760 nmethods=1304 adapters=366
 compilation: enabled
              stopped_count=0, restarted_count=0
 full_count=0

Compilation events (20 events):
Event: 0.860 Thread 0x000001c77f120af0 1275       3       org.gradle.internal.io.StreamByteBuffer$StreamByteBufferChunk::write (32 bytes)
Event: 0.860 Thread 0x000001c77f291a10 1274       3       org.gradle.internal.io.StreamByteBuffer$StreamByteBufferChunk::spaceLeft (10 bytes)
Event: 0.860 Thread 0x000001c77f291a10 nmethod 1274 0x000001c700276810 code [0x000001c7002769a0, 0x000001c700276ab8]
Event: 0.860 Thread 0x000001c77f2914f0 nmethod 1272 0x000001c700276b90 code [0x000001c700276d40, 0x000001c700276ef8]
Event: 0.860 Thread 0x000001c77f291a10 1276       3       org.gradle.internal.stream.EncodedStream$EncodedOutput::write (33 bytes)
Event: 0.860 Thread 0x000001c77f120af0 nmethod 1275 0x000001c700277090 code [0x000001c700277240, 0x000001c7002773f8]
Event: 0.860 Thread 0x000001c77f28abb0 nmethod 1273 0x000001c700277510 code [0x000001c700277720, 0x000001c700277ea8]
Event: 0.860 Thread 0x000001c77f291a10 nmethod 1276 0x000001c700278190 code [0x000001c700278360, 0x000001c700278718]
Event: 0.863 Thread 0x000001c77f291a10 1277       3       sun.nio.fs.WindowsPath::elementAsString (62 bytes)
Event: 0.863 Thread 0x000001c77f291a10 nmethod 1277 0x000001c700278890 code [0x000001c700278aa0, 0x000001c700278f68]
Event: 0.865 Thread 0x000001c77f291a10 1278       3       java.util.regex.Pattern::sequence (647 bytes)
Event: 0.866 Thread 0x000001c77f2914f0 1279       3       java.lang.Integer::valueOf (32 bytes)
Event: 0.866 Thread 0x000001c77f120af0 1280   !   3       sun.nio.fs.WindowsPath::initOffsets (153 bytes)
Event: 0.866 Thread 0x000001c77f2914f0 nmethod 1279 0x000001c700279290 code [0x000001c700279440, 0x000001c700279758]
Event: 0.867 Thread 0x000001c77f291a10 nmethod 1278 0x000001c700279890 code [0x000001c700279ea0, 0x000001c70027d1a8]
Event: 0.867 Thread 0x000001c77f120af0 nmethod 1280 0x000001c70027e010 code [0x000001c70027e400, 0x000001c7002806b8]
Event: 0.868 Thread 0x000001c77f34d2a0 1281       4       java.lang.String::replace (42 bytes)
Event: 0.869 Thread 0x000001c77f120040 nmethod 1238% 0x000001c707c1d910 code [0x000001c707c1dc20, 0x000001c707c1fbb0]
Event: 0.872 Thread 0x000001c77f28abb0 1282       3       java.lang.String::valueOf (15 bytes)
Event: 0.872 Thread 0x000001c77f28abb0 nmethod 1282 0x000001c700281410 code [0x000001c7002815c0, 0x000001c7002817c8]

GC Heap History (2 events):
Event: 0.465 GC heap before
{Heap before GC invocations=0 (full 0):
 garbage-first heap   total 258048K, used 26624K [0x0000000705200000, 0x0000000800000000)
  region size 2048K, 11 young (22528K), 0 survivors (0K)
 Metaspace       used 10731K, committed 10944K, reserved 1114112K
  class space    used 1088K, committed 1216K, reserved 1048576K
}
Event: 0.468 GC heap after
{Heap after GC invocations=1 (full 0):
 garbage-first heap   total 258048K, used 9961K [0x0000000705200000, 0x0000000800000000)
  region size 2048K, 2 young (4096K), 2 survivors (4096K)
 Metaspace       used 10731K, committed 10944K, reserved 1114112K
  class space    used 1088K, committed 1216K, reserved 1048576K
}

Dll operation events (2 events):
Event: 0.004 Loaded shared library C:\Program Files\Android\Android Studio\jbr\bin\java.dll
Event: 0.082 Loaded shared library C:\Program Files\Android\Android Studio\jbr\bin\verify.dll

Deoptimization events (20 events):
Event: 0.846 Thread 0x000001c76cd2f300 DEOPT PACKING pc=0x000001c7000b74c7 sp=0x00000087c68fc300
Event: 0.846 Thread 0x000001c76cd2f300 DEOPT UNPACKING pc=0x000001c7074a7143 sp=0x00000087c68fb7c8 mode 0
Event: 0.846 Thread 0x000001c76cd2f300 DEOPT PACKING pc=0x000001c7000b74c7 sp=0x00000087c68fc300
Event: 0.846 Thread 0x000001c76cd2f300 DEOPT UNPACKING pc=0x000001c7074a7143 sp=0x00000087c68fb7c8 mode 0
Event: 0.846 Thread 0x000001c76cd2f300 DEOPT PACKING pc=0x000001c7000b74c7 sp=0x00000087c68fc300
Event: 0.846 Thread 0x000001c76cd2f300 DEOPT UNPACKING pc=0x000001c7074a7143 sp=0x00000087c68fb7c8 mode 0
Event: 0.846 Thread 0x000001c76cd2f300 DEOPT PACKING pc=0x000001c7000bd7a9 sp=0x00000087c68fc210
Event: 0.846 Thread 0x000001c76cd2f300 DEOPT UNPACKING pc=0x000001c7074a7143 sp=0x00000087c68fb708 mode 0
Event: 0.846 Thread 0x000001c76cd2f300 DEOPT PACKING pc=0x000001c7000b74c7 sp=0x00000087c68fc300
Event: 0.846 Thread 0x000001c76cd2f300 DEOPT UNPACKING pc=0x000001c7074a7143 sp=0x00000087c68fb7c8 mode 0
Event: 0.846 Thread 0x000001c76cd2f300 DEOPT PACKING pc=0x000001c7000b74c7 sp=0x00000087c68fc300
Event: 0.846 Thread 0x000001c76cd2f300 DEOPT UNPACKING pc=0x000001c7074a7143 sp=0x00000087c68fb7c8 mode 0
Event: 0.847 Thread 0x000001c76cd2f300 DEOPT PACKING pc=0x000001c7000b74c7 sp=0x00000087c68fc300
Event: 0.847 Thread 0x000001c76cd2f300 DEOPT UNPACKING pc=0x000001c7074a7143 sp=0x00000087c68fb7c8 mode 0
Event: 0.847 Thread 0x000001c76cd2f300 DEOPT PACKING pc=0x000001c7000b74c7 sp=0x00000087c68fc300
Event: 0.847 Thread 0x000001c76cd2f300 DEOPT UNPACKING pc=0x000001c7074a7143 sp=0x00000087c68fb7c8 mode 0
Event: 0.847 Thread 0x000001c76cd2f300 DEOPT PACKING pc=0x000001c7000b74c7 sp=0x00000087c68fc300
Event: 0.847 Thread 0x000001c76cd2f300 DEOPT UNPACKING pc=0x000001c7074a7143 sp=0x00000087c68fb7c8 mode 0
Event: 0.847 Thread 0x000001c76cd2f300 DEOPT PACKING pc=0x000001c7000b74c7 sp=0x00000087c68fc300
Event: 0.847 Thread 0x000001c76cd2f300 DEOPT UNPACKING pc=0x000001c7074a7143 sp=0x00000087c68fb7c8 mode 0

Classes unloaded (0 events):
No events

Classes redefined (0 events):
No events

Internal exceptions (16 events):
Event: 0.179 Thread 0x000001c76cd2f300 Exception <a 'java/lang/NoSuchMethodError'{0x00000007148a2c08}: 'int java.lang.invoke.DirectMethodHandle$Holder.invokeStaticInit(java.lang.Object, java.lang.Object)'> (0x00000007148a2c08) 
thrown [s\src\hotspot\share\interpreter\linkResolver.cpp, line 771]
Event: 0.454 Thread 0x000001c76cd2f300 Exception <a 'java/lang/NoSuchMethodError'{0x00000007139c2dc0}: 'void java.lang.invoke.DirectMethodHandle$Holder.invokeStatic(java.lang.Object, java.lang.Object)'> (0x00000007139c2dc0) 
thrown [s\src\hotspot\share\interpreter\linkResolver.cpp, line 771]
Event: 0.474 Thread 0x000001c76cd2f300 Exception <a 'java/lang/NoClassDefFoundError'{0x0000000714c4b668}: org/slf4j/impl/StaticMarkerBinder> (0x0000000714c4b668) 
thrown [s\src\hotspot\share\classfile\systemDictionary.cpp, line 245]
Event: 0.483 Thread 0x000001c76cd2f300 Exception <a 'java/lang/NoSuchMethodError'{0x0000000714d294f0}: 'java.lang.Object java.lang.invoke.DirectMethodHandle$Holder.invokeVirtual(java.lang.Object, java.lang.Object, java.lang.Object, java.lang.Object, java.lang.Object, java.lang.Object, java.lang.Object)'> (0x0000000714d294f0) 
thrown [s\src\hotspot\share\interpreter\linkResolver.cpp, line 771]
Event: 0.484 Thread 0x000001c76cd2f300 Exception <a 'java/lang/NoSuchMethodError'{0x0000000714d3b090}: 'java.lang.Object java.lang.invoke.Invokers$Holder.invoker(java.lang.Object, java.lang.Object, java.lang.Object)'> (0x0000000714d3b090) 
thrown [s\src\hotspot\share\interpreter\linkResolver.cpp, line 771]
Event: 0.486 Thread 0x000001c76cd2f300 Exception <a 'java/lang/NoSuchMethodError'{0x0000000714d44240}: 'java.lang.Object java.lang.invoke.DirectMethodHandle$Holder.invokeStatic(java.lang.Object, java.lang.Object, int)'> (0x0000000714d44240) 
thrown [s\src\hotspot\share\interpreter\linkResolver.cpp, line 771]
Event: 0.487 Thread 0x000001c76cd2f300 Exception <a 'java/lang/NoSuchMethodError'{0x0000000714dd5380}: 'void java.lang.invoke.DelegatingMethodHandle$Holder.delegate(java.lang.Object, java.lang.Object, int, java.lang.Object)'> (0x0000000714dd5380) 
thrown [s\src\hotspot\share\interpreter\linkResolver.cpp, line 771]
Event: 0.487 Thread 0x000001c76cd2f300 Exception <a 'java/lang/NoSuchMethodError'{0x0000000714dd9548}: 'int java.lang.invoke.DirectMethodHandle$Holder.invokeSpecial(java.lang.Object, java.lang.Object, java.lang.Object)'> (0x0000000714dd9548) 
thrown [s\src\hotspot\share\interpreter\linkResolver.cpp, line 771]
Event: 0.491 Thread 0x000001c76cd2f300 Exception <a 'java/lang/NoSuchMethodError'{0x0000000714dec700}: 'java.lang.Object java.lang.invoke.Invokers$Holder.invokeExact_MT(java.lang.Object, java.lang.Object, java.lang.Object, java.lang.Object)'> (0x0000000714dec700) 
thrown [s\src\hotspot\share\interpreter\linkResolver.cpp, line 771]
Event: 0.558 Thread 0x000001c76cd2f300 Exception <a 'java/lang/NoSuchMethodError'{0x0000000714629300}: 'void java.lang.invoke.DirectMethodHandle$Holder.invokeSpecial(java.lang.Object, java.lang.Object, java.lang.Object)'> (0x0000000714629300) 
thrown [s\src\hotspot\share\interpreter\linkResolver.cpp, line 771]
Event: 0.565 Thread 0x000001c76cd2f300 Implicit null exception at 0x000001c707bf070e to 0x000001c707bf0cbc
Event: 0.565 Thread 0x000001c76cd2f300 Implicit null exception at 0x000001c707be348d to 0x000001c707be3a48
Event: 0.582 Thread 0x000001c76cd2f300 Exception <a 'java/lang/NoSuchMethodError'{0x00000007147c9388}: 'java.lang.Object java.lang.invoke.DirectMethodHandle$Holder.invokeStaticInit(java.lang.Object)'> (0x00000007147c9388) 
thrown [s\src\hotspot\share\interpreter\linkResolver.cpp, line 771]
Event: 0.677 Thread 0x000001c76cd2f300 Exception <a 'java/lang/NoSuchMethodError'{0x00000007143cf158}: 'java.lang.Object java.lang.invoke.DirectMethodHandle$Holder.invokeStaticInit(java.lang.Object, int, int, int, int)'> (0x00000007143cf158) 
thrown [s\src\hotspot\share\interpreter\linkResolver.cpp, line 771]
Event: 0.717 Thread 0x000001c76cd2f300 Exception <a 'java/lang/NoSuchMethodError'{0x00000007140a8408}: 'java.lang.Object java.lang.invoke.DirectMethodHandle$Holder.invokeStaticInit(java.lang.Object, java.lang.Object, int, int, int, int)'> (0x00000007140a8408) 
thrown [s\src\hotspot\share\interpreter\linkResolver.cpp, line 771]
Event: 0.809 Thread 0x000001c76cd2f300 Exception <a 'java/lang/NoSuchMethodError'{0x00000007140d6560}: 'void java.lang.invoke.DirectMethodHandle$Holder.invokeStatic(java.lang.Object, java.lang.Object, java.lang.Object)'> (0x00000007140d6560) 
thrown [s\src\hotspot\share\interpreter\linkResolver.cpp, line 771]

VM Operations (10 events):
Event: 0.080 Executing VM operation: HandshakeAllThreads
Event: 0.080 Executing VM operation: HandshakeAllThreads done
Event: 0.465 Executing VM operation: G1CollectForAllocation
Event: 0.468 Executing VM operation: G1CollectForAllocation done
Event: 0.485 Executing VM operation: HandshakeAllThreads
Event: 0.485 Executing VM operation: HandshakeAllThreads done
Event: 0.645 Executing VM operation: HandshakeAllThreads
Event: 0.645 Executing VM operation: HandshakeAllThreads done
Event: 0.709 Executing VM operation: HandshakeAllThreads
Event: 0.709 Executing VM operation: HandshakeAllThreads done

Events (20 events):
Event: 0.815 loading class java/io/DataInputStream
Event: 0.815 loading class java/io/DataInputStream done
Event: 0.817 Thread 0x000001c77f750f90 Thread exited: 0x000001c77f750f90
Event: 0.817 Thread 0x000001c77f6457e0 Thread exited: 0x000001c77f6457e0
Event: 0.821 loading class java/io/DataOutputStream
Event: 0.821 loading class java/io/DataOutputStream done
Event: 0.823 loading class java/io/FileOutputStream$1
Event: 0.823 loading class java/io/FileOutputStream$1 done
Event: 0.824 loading class java/util/Arrays$LegacyMergeSort
Event: 0.824 loading class java/util/Arrays$LegacyMergeSort done
Event: 0.824 loading class java/util/TimSort
Event: 0.824 loading class java/util/TimSort done
Event: 0.857 loading class java/nio/charset/CharacterCodingException
Event: 0.857 loading class java/nio/charset/CharacterCodingException done
Event: 0.863 loading class java/util/ArrayList$SubList$1
Event: 0.863 loading class java/util/ArrayList$SubList$1 done
Event: 0.865 loading class java/util/concurrent/CountDownLatch
Event: 0.865 loading class java/util/concurrent/CountDownLatch done
Event: 0.865 loading class java/util/concurrent/CountDownLatch$Sync
Event: 0.865 loading class java/util/concurrent/CountDownLatch$Sync done


Dynamic libraries:
0x00007ff72fd80000 - 0x00007ff72fd8a000 	C:\Program Files\Android\Android Studio\jbr\bin\java.exe
0x00007ffcc1f10000 - 0x00007ffcc2127000 	C:\windows\SYSTEM32\ntdll.dll
0x00007ffcc09b0000 - 0x00007ffcc0a74000 	C:\windows\System32\KERNEL32.DLL
0x00007ffcbf5e0000 - 0x00007ffcbf987000 	C:\windows\System32\KERNELBASE.dll
0x00007ffcbf230000 - 0x00007ffcbf341000 	C:\windows\System32\ucrtbase.dll
0x00007ffcb7dd0000 - 0x00007ffcb7de7000 	C:\Program Files\Android\Android Studio\jbr\bin\jli.dll
0x00007ffcb7db0000 - 0x00007ffcb7dcb000 	C:\Program Files\Android\Android Studio\jbr\bin\VCRUNTIME140.dll
0x00007ffcc1000000 - 0x00007ffcc11ae000 	C:\windows\System32\USER32.dll
0x00007ffcbf990000 - 0x00007ffcbf9b6000 	C:\windows\System32\win32u.dll
0x00007ffca0550000 - 0x00007ffca07e3000 	C:\windows\WinSxS\amd64_microsoft.windows.common-controls_6595b64144ccf1df_6.0.22621.3527_none_270e469b73872a76\COMCTL32.dll
0x00007ffcc02a0000 - 0x00007ffcc02c9000 	C:\windows\System32\GDI32.dll
0x00007ffcc07e0000 - 0x00007ffcc0887000 	C:\windows\System32\msvcrt.dll
0x00007ffcbfa80000 - 0x00007ffcbfb99000 	C:\windows\System32\gdi32full.dll
0x00007ffcbf540000 - 0x00007ffcbf5da000 	C:\windows\System32\msvcp_win.dll
0x00007ffcc0090000 - 0x00007ffcc00c1000 	C:\windows\System32\IMM32.DLL
0x00007ffc9faf0000 - 0x00007ffc9fafc000 	C:\Program Files\Android\Android Studio\jbr\bin\vcruntime140_1.dll
0x00007ffc70a10000 - 0x00007ffc70a9d000 	C:\Program Files\Android\Android Studio\jbr\bin\msvcp140.dll
0x00007ffc6c780000 - 0x00007ffc6d403000 	C:\Program Files\Android\Android Studio\jbr\bin\server\jvm.dll
0x00007ffcbfc40000 - 0x00007ffcbfcf2000 	C:\windows\System32\ADVAPI32.dll
0x00007ffcc00d0000 - 0x00007ffcc0178000 	C:\windows\System32\sechost.dll
0x00007ffcbfc10000 - 0x00007ffcbfc38000 	C:\windows\System32\bcrypt.dll
0x00007ffcc0180000 - 0x00007ffcc0295000 	C:\windows\System32\RPCRT4.dll
0x00007ffcb5690000 - 0x00007ffcb56c4000 	C:\windows\SYSTEM32\WINMM.dll
0x00007ffcbe0b0000 - 0x00007ffcbe0fd000 	C:\windows\SYSTEM32\POWRPROF.dll
0x00007ffc5bbd0000 - 0x00007ffc5bbd9000 	C:\windows\SYSTEM32\WSOCK32.dll
0x00007ffcc0490000 - 0x00007ffcc0501000 	C:\windows\System32\WS2_32.dll
0x00007ffcb5050000 - 0x00007ffcb505a000 	C:\windows\SYSTEM32\VERSION.dll
0x00007ffcbe090000 - 0x00007ffcbe0a3000 	C:\windows\SYSTEM32\UMPDC.dll
0x00007ffcbe340000 - 0x00007ffcbe358000 	C:\windows\SYSTEM32\kernel.appcore.dll
0x00007ffc9fae0000 - 0x00007ffc9faea000 	C:\Program Files\Android\Android Studio\jbr\bin\jimage.dll
0x00007ffcbccb0000 - 0x00007ffcbcee2000 	C:\windows\SYSTEM32\DBGHELP.DLL
0x00007ffcbfd00000 - 0x00007ffcc0088000 	C:\windows\System32\combase.dll
0x00007ffcc12b0000 - 0x00007ffcc1387000 	C:\windows\System32\OLEAUT32.dll
0x00007ffcb2ec0000 - 0x00007ffcb2ef2000 	C:\windows\SYSTEM32\dbgcore.DLL
0x00007ffcbf350000 - 0x00007ffcbf3c9000 	C:\windows\System32\bcryptPrimitives.dll
0x00007ffc8d4e0000 - 0x00007ffc8d505000 	C:\Program Files\Android\Android Studio\jbr\bin\java.dll
0x00007ffc9bb60000 - 0x00007ffc9bb78000 	C:\Program Files\Android\Android Studio\jbr\bin\zip.dll
0x00007ffcc1670000 - 0x00007ffcc1ecc000 	C:\windows\System32\SHELL32.dll
0x00007ffcbd140000 - 0x00007ffcbda36000 	C:\windows\SYSTEM32\windows.storage.dll
0x00007ffcbd000000 - 0x00007ffcbd13e000 	C:\windows\SYSTEM32\wintypes.dll
0x00007ffcc1570000 - 0x00007ffcc1665000 	C:\windows\System32\SHCORE.dll
0x00007ffcc0fa0000 - 0x00007ffcc0ffe000 	C:\windows\System32\shlwapi.dll
0x00007ffcbf160000 - 0x00007ffcbf181000 	C:\windows\SYSTEM32\profapi.dll
0x00007ffc8d4c0000 - 0x00007ffc8d4d9000 	C:\Program Files\Android\Android Studio\jbr\bin\net.dll
0x00007ffcb6fb0000 - 0x00007ffcb70e6000 	C:\windows\SYSTEM32\WINHTTP.dll
0x00007ffcbe7b0000 - 0x00007ffcbe819000 	C:\windows\system32\mswsock.dll
0x00007ffc8cb80000 - 0x00007ffc8cb96000 	C:\Program Files\Android\Android Studio\jbr\bin\nio.dll
0x00007ffc9fad0000 - 0x00007ffc9fae0000 	C:\Program Files\Android\Android Studio\jbr\bin\verify.dll
0x00007ffc8c1e0000 - 0x00007ffc8c207000 	C:\Users\adity\.gradle\native\c067742578af261105cb4f569cf0c3c89f3d7b1fecec35dd04571415982c5e48\windows-amd64\native-platform.dll
0x00007ffc9faa0000 - 0x00007ffc9faa9000 	C:\Program Files\Android\Android Studio\jbr\bin\management.dll
0x00007ffc9c3a0000 - 0x00007ffc9c3ab000 	C:\Program Files\Android\Android Studio\jbr\bin\management_ext.dll
0x00007ffcc07d0000 - 0x00007ffcc07d8000 	C:\windows\System32\PSAPI.DLL
0x00007ffcbea10000 - 0x00007ffcbea2b000 	C:\windows\SYSTEM32\CRYPTSP.dll
0x00007ffcbe2a0000 - 0x00007ffcbe2d5000 	C:\windows\system32\rsaenh.dll
0x00007ffcbe8b0000 - 0x00007ffcbe8d8000 	C:\windows\SYSTEM32\USERENV.dll
0x00007ffcbea30000 - 0x00007ffcbea3c000 	C:\windows\SYSTEM32\CRYPTBASE.dll
0x00007ffcbdc90000 - 0x00007ffcbdcbd000 	C:\windows\SYSTEM32\IPHLPAPI.DLL
0x00007ffcc0730000 - 0x00007ffcc0739000 	C:\windows\System32\NSI.dll
0x00007ffcb6d40000 - 0x00007ffcb6d59000 	C:\windows\SYSTEM32\dhcpcsvc6.DLL
0x00007ffcb6c90000 - 0x00007ffcb6caf000 	C:\windows\SYSTEM32\dhcpcsvc.DLL
0x00007ffcbdcd0000 - 0x00007ffcbddc8000 	C:\windows\SYSTEM32\DNSAPI.dll
0x00007ffc9c260000 - 0x00007ffc9c269000 	C:\Program Files\Android\Android Studio\jbr\bin\extnet.dll

dbghelp: loaded successfully - version: 4.0.5 - missing functions: none
symbol engine: initialized successfully - sym options: 0x614 - pdb path: .;C:\Program Files\Android\Android Studio\jbr\bin;C:\windows\SYSTEM32;C:\windows\WinSxS\amd64_microsoft.windows.common-controls_6595b64144ccf1df_6.0.22621.3527_none_270e469b73872a76;C:\Program Files\Android\Android Studio\jbr\bin\server;C:\Users\adity\.gradle\native\c067742578af261105cb4f569cf0c3c89f3d7b1fecec35dd04571415982c5e48\windows-amd64

VM Arguments:
jvm_args: -Dorg.gradle.appname=gradlew 
java_command: org.gradle.wrapper.GradleWrapperMain -q -Ptarget-platform=android-x64 -Ptarget=C:\Flutter1\IITK-Mail-Client-Official-\lib\main.dart -Pbase-application-name=android.app.Application -Pdart-defines=RkxVVFRFUl9XRUJfQVVUT19ERVRFQ1Q9dHJ1ZQ==,RkxVVFRFUl9XRUJfQ0FOVkFTS0lUX1VSTD1odHRwczovL3d3dy5nc3RhdGljLmNvbS9mbHV0dGVyLWNhbnZhc2tpdC9jNGNkNDhlMTg2NDYwYjMyZDQ0NTg1Y2UzYzEwMzI3MWFiNjc2MzU1Lw== -Pdart-obfuscation=false -Ptrack-widget-creation=true -Ptree-shake-icons=false -Pfilesystem-scheme=org-dartlang-root assembleDebug
java_class_path (initial): C:\Flutter1\IITK-Mail-Client-Official-\android\\gradle\wrapper\gradle-wrapper.jar
Launcher Type: SUN_STANDARD

[Global flags]
     intx CICompilerCount                          = 12                                        {product} {ergonomic}
     uint ConcGCThreads                            = 3                                         {product} {ergonomic}
     uint G1ConcRefinementThreads                  = 13                                        {product} {ergonomic}
   size_t G1HeapRegionSize                         = 2097152                                   {product} {ergonomic}
    uintx GCDrainStackTargetSize                   = 64                                        {product} {ergonomic}
   size_t InitialHeapSize                          = 264241152                                 {product} {ergonomic}
   size_t MarkStackSize                            = 4194304                                   {product} {ergonomic}
   size_t MaxHeapSize                              = 4208984064                                {product} {ergonomic}
   size_t MaxNewSize                               = 2524971008                                {product} {ergonomic}
   size_t MinHeapDeltaBytes                        = 2097152                                   {product} {ergonomic}
   size_t MinHeapSize                              = 8388608                                   {product} {ergonomic}
    uintx NonNMethodCodeHeapSize                   = 7602480                                {pd product} {ergonomic}
    uintx NonProfiledCodeHeapSize                  = 122027880                              {pd product} {ergonomic}
    uintx ProfiledCodeHeapSize                     = 122027880                              {pd product} {ergonomic}
    uintx ReservedCodeCacheSize                    = 251658240                              {pd product} {ergonomic}
     bool SegmentedCodeCache                       = true                                      {product} {ergonomic}
   size_t SoftMaxHeapSize                          = 4208984064                             {manageable} {ergonomic}
     bool UseCompressedClassPointers               = true                           {product lp64_product} {ergonomic}
     bool UseCompressedOops                        = true                           {product lp64_product} {ergonomic}
     bool UseG1GC                                  = true                                      {product} {ergonomic}
     bool UseLargePagesIndividualAllocation        = false                                  {pd product} {ergonomic}

Logging:
Log output configuration:
 #0: stdout all=warning uptime,level,tags
 #1: stderr all=off uptime,level,tags

Environment Variables:
JAVA_HOME=C:\Program Files\Android\Android Studio\jbr
CLASSPATH=C:\Flutter1\IITK-Mail-Client-Official-\android\\gradle\wrapper\gradle-wrapper.jar
PATH=C:\Program Files\Android\Android Studio\jbr\bin;C:\Program Files\Python312\Scripts\;C:\Program Files\Python312\;C:\windows\system32;C:\windows;C:\windows\System32\Wbem;C:\windows\System32\WindowsPowerShell\v1.0\;C:\windows\System32\OpenSSH\;C:\Program Files (x86)\NVIDIA Corporation\PhysX\Common;C:\Program Files\NVIDIA Corporation\NVIDIA NvDLISR;C:\Program Files\dotnet\;C:\cygwin64\bin;C:\Program Files\nodejs\;C:\ProgramData\chocolatey\bin;C:\Program Files\HP\HP One Agent;C:\Program Files\Git\cmd;C:\Users\adity\flutter\bin;;C:\Program Files\Microsoft SQL Server\150\Tools\Binn\;C:\Program Files\Microsoft SQL Server\Client SDK\ODBC\170\Tools\Binn\;C:\Program Files\GitHub CLI\;C:\Program Files\Docker\Docker\resources\bin;C:\Program Files (x86)\Windows Kits\10\Windows Performance Toolkit\;C:\windows\system32;C:\windows;C:\windows\System32\Wbem;C:\windows\System32\WindowsPowerShell\v1.0\;C:\windows\System32\OpenSSH\;C:\Program Files (x86)\NVIDIA Corporation\PhysX\Common;C:\Program Files\NVIDIA Corporation\NVIDIA NvDLISR;C:\Program Files\dotnet\;C:\cygwin64\bin;C:\Program Files\nodejs\;C:\ProgramData\chocolatey\bin;C:\Users\adity\AppData\Local\Microsoft\WindowsApps;C:\Users\adity\AppData\Local\Programs\Microsoft VS Code\bin;C:\Program Files\JetBrains\PyCharm Community Edition 2023.3.1\bin;C:\Users\adity\AppData\Roaming\npm;C:\Python34\Scripts;C:\Users\adity\flutter\bin;C:\Users\adity\.dotnet\tools;C:\Users\adity\AppData\Local\Android\Sdk;C:\Users\adity\AppData\Local\Android\Sdk\platform-tools;
USERNAME=adity
OS=Windows_NT
PROCESSOR_IDENTIFIER=Intel64 Family 6 Model 154 Stepping 3, GenuineIntel
TMP=C:\Users\adity\AppData\Local\Temp
TEMP=C:\Users\adity\AppData\Local\Temp



Periodic native trim disabled

JNI global refs:
JNI global refs: 27, weak refs: 0

JNI global refs memory usage: 843, weak refs: 841

OOME stack traces (most recent first):
Classloader memory used:
